{"/Users/advanderveer/Documents/Personal/Javascript/station.js/station.js/src/shared/resolver.js":{"path":"/Users/advanderveer/Documents/Personal/Javascript/station.js/station.js/src/shared/resolver.js","s":{"1":1,"2":1},"b":{},"f":{"1":1},"fnMap":{"1":{"name":"(anonymous_1)","line":1,"loc":{"start":{"line":1,"column":22},"end":{"line":1,"column":33}}}},"statementMap":{"1":{"start":{"line":1,"column":0},"end":{"line":5,"column":2}},"2":{"start":{"line":7,"column":0},"end":{"line":7,"column":33}}},"branchMap":{}}}