TN:
SF:/Users/advanderveer/Documents/Personal/Javascript/station.js/station.js/src/shared/resolver.js
FN:2,(anonymous_1)
FN:6,(anonymous_2)
FN:13,(anonymous_3)
FN:61,getScope
FN:77,getFunction
FN:92,getArguments
FN:95,(anonymous_7)
FNF:7
FNH:7
FNDA:4,(anonymous_1)
FNDA:7,(anonymous_2)
FNDA:5,(anonymous_3)
FNDA:4,getScope
FNDA:3,getFunction
FNDA:1,getArguments
FNDA:2,(anonymous_7)
DA:1,1
DA:2,1
DA:3,4
DA:4,4
DA:6,4
DA:7,7
DA:8,5
DA:10,2
DA:13,4
DA:14,5
DA:15,5
DA:16,5
DA:18,5
DA:19,2
DA:21,3
DA:22,3
DA:24,3
DA:25,1
DA:28,2
DA:39,4
DA:46,4
DA:53,4
DA:61,4
DA:63,4
DA:64,4
DA:65,1
DA:67,3
DA:68,1
DA:77,4
DA:78,3
DA:79,3
DA:80,1
DA:82,2
DA:83,1
DA:92,4
DA:93,1
DA:94,1
DA:95,1
DA:96,2
DA:97,1
DA:100,1
DA:108,1
DA:109,1
DA:111,1
LF:44
LH:44
BRDA:7,1,0,5
BRDA:7,1,1,2
BRDA:18,2,0,2
BRDA:18,2,1,3
BRDA:24,3,0,1
BRDA:24,3,1,2
BRDA:64,4,0,1
BRDA:64,4,1,3
BRDA:79,5,0,1
BRDA:79,5,1,2
BRDA:96,6,0,1
BRDA:96,6,1,1
BRF:12
BRH:12
end_of_record
