{"/Users/advanderveer/Documents/Personal/Javascript/station.js/station.js/src/shared/resolver.js":{"path":"/Users/advanderveer/Documents/Personal/Javascript/station.js/station.js/src/shared/resolver.js","s":{"1":1,"2":1,"3":3,"4":3,"5":3,"6":7,"7":5,"8":2,"9":3,"10":5,"11":5,"12":5,"13":5,"14":2,"15":3,"16":3,"17":3,"18":1,"19":2,"20":3,"21":3,"22":3,"23":3,"24":4,"25":4,"26":1,"27":3,"28":1,"29":3,"30":3,"31":3,"32":1,"33":2,"34":1,"35":1,"36":1,"37":1},"b":{"1":[5,2],"2":[2,3],"3":[1,2],"4":[1,3],"5":[1,2]},"f":{"1":3,"2":7,"3":5,"4":4,"5":3},"fnMap":{"1":{"name":"(anonymous_1)","line":2,"loc":{"start":{"line":2,"column":22},"end":{"line":2,"column":42}}},"2":{"name":"(anonymous_2)","line":6,"loc":{"start":{"line":6,"column":31},"end":{"line":6,"column":49}}},"3":{"name":"(anonymous_3)","line":13,"loc":{"start":{"line":13,"column":29},"end":{"line":13,"column":43}}},"4":{"name":"getScope","line":61,"loc":{"start":{"line":61,"column":18},"end":{"line":61,"column":45}}},"5":{"name":"getFunction","line":77,"loc":{"start":{"line":77,"column":21},"end":{"line":77,"column":51}}}},"statementMap":{"1":{"start":{"line":1,"column":0},"end":{"line":1,"column":52}},"2":{"start":{"line":2,"column":0},"end":{"line":87,"column":2}},"3":{"start":{"line":3,"column":2},"end":{"line":3,"column":18}},"4":{"start":{"line":4,"column":2},"end":{"line":4,"column":41}},"5":{"start":{"line":6,"column":2},"end":{"line":11,"column":4}},"6":{"start":{"line":7,"column":4},"end":{"line":9,"column":5}},"7":{"start":{"line":8,"column":6},"end":{"line":8,"column":49}},"8":{"start":{"line":10,"column":4},"end":{"line":10,"column":17}},"9":{"start":{"line":13,"column":2},"end":{"line":32,"column":4}},"10":{"start":{"line":14,"column":4},"end":{"line":14,"column":48}},"11":{"start":{"line":15,"column":4},"end":{"line":15,"column":66}},"12":{"start":{"line":16,"column":4},"end":{"line":16,"column":21}},"13":{"start":{"line":18,"column":4},"end":{"line":19,"column":143}},"14":{"start":{"line":19,"column":6},"end":{"line":19,"column":143}},"15":{"start":{"line":21,"column":4},"end":{"line":21,"column":39}},"16":{"start":{"line":22,"column":4},"end":{"line":22,"column":25}},"17":{"start":{"line":24,"column":4},"end":{"line":26,"column":5}},"18":{"start":{"line":25,"column":6},"end":{"line":25,"column":101}},"19":{"start":{"line":28,"column":4},"end":{"line":31,"column":6}},"20":{"start":{"line":39,"column":2},"end":{"line":39,"column":29}},"21":{"start":{"line":46,"column":2},"end":{"line":46,"column":30}},"22":{"start":{"line":53,"column":2},"end":{"line":53,"column":37}},"23":{"start":{"line":61,"column":2},"end":{"line":69,"column":4}},"24":{"start":{"line":63,"column":4},"end":{"line":63,"column":46}},"25":{"start":{"line":64,"column":4},"end":{"line":65,"column":38}},"26":{"start":{"line":65,"column":6},"end":{"line":65,"column":38}},"27":{"start":{"line":67,"column":4},"end":{"line":67,"column":40}},"28":{"start":{"line":68,"column":4},"end":{"line":68,"column":21}},"29":{"start":{"line":77,"column":2},"end":{"line":84,"column":4}},"30":{"start":{"line":78,"column":4},"end":{"line":78,"column":46}},"31":{"start":{"line":79,"column":4},"end":{"line":80,"column":41}},"32":{"start":{"line":80,"column":6},"end":{"line":80,"column":41}},"33":{"start":{"line":82,"column":4},"end":{"line":82,"column":40}},"34":{"start":{"line":83,"column":4},"end":{"line":83,"column":18}},"35":{"start":{"line":91,"column":0},"end":{"line":91,"column":43}},"36":{"start":{"line":92,"column":0},"end":{"line":92,"column":56}},"37":{"start":{"line":94,"column":0},"end":{"line":94,"column":33}}},"branchMap":{"1":{"line":7,"type":"if","locations":[{"start":{"line":7,"column":4},"end":{"line":7,"column":4}},{"start":{"line":7,"column":4},"end":{"line":7,"column":4}}]},"2":{"line":18,"type":"if","locations":[{"start":{"line":18,"column":4},"end":{"line":18,"column":4}},{"start":{"line":18,"column":4},"end":{"line":18,"column":4}}]},"3":{"line":24,"type":"if","locations":[{"start":{"line":24,"column":4},"end":{"line":24,"column":4}},{"start":{"line":24,"column":4},"end":{"line":24,"column":4}}]},"4":{"line":64,"type":"if","locations":[{"start":{"line":64,"column":4},"end":{"line":64,"column":4}},{"start":{"line":64,"column":4},"end":{"line":64,"column":4}}]},"5":{"line":79,"type":"if","locations":[{"start":{"line":79,"column":4},"end":{"line":79,"column":4}},{"start":{"line":79,"column":4},"end":{"line":79,"column":4}}]}}}}