TN:
SF:/Users/advanderveer/Documents/Personal/Javascript/station.js/station.js/src/shared/resolver.js
FN:2,(anonymous_1)
FN:6,(anonymous_2)
FN:13,(anonymous_3)
FN:61,getScope
FN:77,getFunction
FNF:5
FNH:5
FNDA:3,(anonymous_1)
FNDA:7,(anonymous_2)
FNDA:5,(anonymous_3)
FNDA:4,getScope
FNDA:3,getFunction
DA:1,1
DA:2,1
DA:3,3
DA:4,3
DA:6,3
DA:7,7
DA:8,5
DA:10,2
DA:13,3
DA:14,5
DA:15,5
DA:16,5
DA:18,5
DA:19,2
DA:21,3
DA:22,3
DA:24,3
DA:25,1
DA:28,2
DA:39,3
DA:46,3
DA:53,3
DA:61,3
DA:63,4
DA:64,4
DA:65,1
DA:67,3
DA:68,1
DA:77,3
DA:78,3
DA:79,3
DA:80,1
DA:82,2
DA:83,1
DA:91,1
DA:92,1
DA:94,1
LF:37
LH:37
BRDA:7,1,0,5
BRDA:7,1,1,2
BRDA:18,2,0,2
BRDA:18,2,1,3
BRDA:24,3,0,1
BRDA:24,3,1,2
BRDA:64,4,0,1
BRDA:64,4,1,3
BRDA:79,5,0,1
BRDA:79,5,1,2
BRF:10
BRH:10
end_of_record
